
ROM used:   8900/32768 (27%)
            8904/32768 (27%) including unused fragments

            2.1 Average locations per line
            9.2 Average locations per statement

RAM used:   45/2048 (2%) at main() level
            100/2048 (5%) worst case

Stack used: 13 worst case (6 in main + 7 for interrupts)
Stack size: 31

Lines Stmts  %   Files
----- ----- ---  -----
  332   258  27  P8_P9.c
  837     0   0  C:\Program Files (x86)\PICC\Devices\18F4550.h
  157     0   0  C:\Program Files (x86)\PICC\Drivers\usb_bootloader.h
  154     0   0  C:\Program Files (x86)\PICC\Drivers\time.h
  326   128  13  C:\Program Files (x86)\PICC\Drivers\stdlibm.h
   32     0   0  C:\Program Files (x86)\PICC\Drivers\stddef.h
   76    13   1  C:\Program Files (x86)\PICC\Drivers\memmgmt.c
 1351   359  37  C:\Program Files (x86)\PICC\Drivers\stdlib.h
  423   125  13  C:\Program Files (x86)\PICC\Drivers\string.h
   28     0   0  C:\Program Files (x86)\PICC\Drivers\ctype.h
  456    84   9  C:\Program Files (x86)\PICC\Drivers\lcd.c
----- -----
 4172   967 Total

Page ROM  %  RAM    Vol Diff  Functions:
---- --- --- ---    --- ----  ----------
0    242   1   11             @MULFF
0     54   0    2             @ITOF
0    618   3   16             @ADDFF
0    346   2   14             @DIVFF
0     38   0    1  31823 19.0  @delay_ms1
0     64   0    3    596  5.9  lcd_read_byte
0     12   0    0     59  4.2  lcd_read_nibble
0     34   0    1    179  3.3  lcd_send_nibble
0     58   0    3    460  4.7  lcd_send_byte
0    118   1    6    814  7.2  lcd_init
0     34   0    4    208  6.3  lcd_gotoxy
0     80   0    1    354  4.7  lcd_putc
0    202   1    1   1112  3.4  intext_isr
0     12   0    0             @const1089
0     32   0    3             @PSTRINGCN_9600_31766_31767
0    134   1    0    455  4.6  clock_isr
0     18   0    0             @const1093
0     30   0    3             @PSTRINGCN_1059
0     40   0    3             @DIV88
0    170   1    6             @PRINTF_D_1059
0     16   0    0     57  2.5  intext_isr2
0     18   0    0     70  2.6  intext_isr3
0    442   2    1   1262  6.3  MAIN
0     22   0    0             @const1107
0     34   0    2             @PSTRINGC_9600_31766_31767
0     28   0    0             @const1109
0     44   0    0             @const1110
0     22   0    0             @const1111
0     30   0    0             @const1112
0     20   0    0             @const1113
0     30   0    0             @const1114
0     44   0    0             @const1115
0     22   0    0             @const1116
0     30   0    0             @const1117
0   3722  21   18   4548  6.0  invernadero
0     14   0    0             @const1122
0     62   0    5             @FTOSD
0    142   1   13             @DIV3232
0    384   2   13             @PRINTF_L32D_9600_31766_31767FPFPF
0     14   0    0             @const1131
0    432   2   13             @PRINTF_L32D_1059FPFPF
0     16   0    0             @const1135
0     16   0    0             @const1136
0    118   1   10             @FLT
0     14   0    0             @const1140
0     14   0    0             @const1141
0     16   0    0             @const1142
0     16   0    0             @const1143
0     14   0    0             @const1144
0     14   0    0             @const1145
0     16   0    0             @const1146
0     16   0    0             @const1147
0     14   0    0             @const1148
0     14   0    0             @const1149
0     16   0    0             @const1150
0     16   0    0             @const1151
0    232   1    1   1062  5.7  controlmanualinv
0     30   0    0             @const1152
0     18   0    0             @const1153
0     18   0    0             @const1154
0     12   0    0             @const1155
0     24   0    0             @const1156
0     24   0    0             @const1157
0     18   0    0             @const1158
0     12   0    0             @const1159
0     26   0    0             @const1160
0     42   0    0             @goto12472
 Inline         0             @cinit1

Program metrics:
    Functions               15
    Statements              967
    Comments                1495
    Volume (V)              53066
    Difficulty (D)          99.8
    Effort to implement (E) 5294137
    Time to implement (T)   81 hours, 42 minutes
    Est Delivered Bugs (B)  10
    Cyclomatic Complexity   54
    Maintainability (MI)    72

 Segment     Used  Free
-----------  ----  ----
00000-01FFE     0  8192  
02000-02006     4  4  
02008-020D0   202  0  
020D2-07FFE  8694  15672  



